<?xml version="1.0" encoding="UTF-8"?>
<!-- Generated by org.testng.reporters.JUnitXMLReporter -->
<testsuite hostname="IBM-Testing01" ignored="4" name="Testnggroup" tests="4" failures="0" timestamp="08 Jan 2020 08:57:00 GMT" time="0.048" errors="0">
  <testcase name="test1" time="0.018" classname="groupsPackage.Testgroup1"/>
  <testcase name="test2" time="0.003" classname="groupsPackage.Testgroup1"/>
  <testcase name="test3" time="0.002" classname="groupsPackage.Testgroup1"/>
  <testcase name="test3" time="0.001" classname="groupsPackage.Testgroup2"/>
  <testcase name="test4" time="0.0" classname="groupsPackage.Testgroup2">
    <ignored/>
  </testcase> <!-- test4 -->
  <testcase name="test4" time="0.0" classname="groupsPackage.Testgroup1">
    <ignored/>
  </testcase> <!-- test4 -->
  <testcase name="test2" time="0.0" classname="groupsPackage.Testgroup2">
    <ignored/>
  </testcase> <!-- test2 -->
  <testcase name="test1" time="0.0" classname="groupsPackage.Testgroup2">
    <ignored/>
  </testcase> <!-- test1 -->
</testsuite> <!-- Testnggroup -->
